                        .module main.c
                        .area text(rom, con, rel)
 0000                   .dbfile ..\source\main.c
                        .area data(ram, con, rel)
 0000                   .dbfile ..\source\main.c
 0000           _read_buf::
 0000                   .blkb 13
                        .area idata
 0000 32303131313031323330303000        .byte 50,48,49,49,49,48,49,50,51,48,48,48,0
                        .area data(ram, con, rel)
 000D                   .dbfile ..\source\main.c
 000D                   .blkb 7
                        .area idata
 000D 00000000000000    .byte 0,0,0,0,0,0,0
                        .area data(ram, con, rel)
 0014                   .dbfile ..\source\main.c
 0014                   .dbfile D:\desk_station\LM041L\AVR_licheng\USART_24C01_ok\source\main.c
 0014                   .dbsym e read_buf _read_buf A[20:20]c
 0014           _out_buf::
 0014                   .blkb 13
                        .area idata
 0014 32303131313030393530303000        .byte 50,48,49,49,49,48,48,57,53,48,48,48,0
                        .area data(ram, con, rel)
 0021                   .dbfile D:\desk_station\LM041L\AVR_licheng\USART_24C01_ok\source\main.c
 0021                   .blkb 37
                        .area idata
 0021 00000000000000000000      .word 0,0,0,0,0
 002B 00000000000000000000      .word 0,0,0,0,0
 0035 00000000000000000000      .word 0,0,0,0,0
 003F 00000000000000    .byte 0,0,0,0,0,0,0
                        .area data(ram, con, rel)
 0046                   .dbfile D:\desk_station\LM041L\AVR_licheng\USART_24C01_ok\source\main.c
 0046                   .dbsym e out_buf _out_buf A[50:50]c
 0046           _ind::
 0046                   .blkb 1
                        .area idata
 0046 00                .byte 0
                        .area data(ram, con, rel)
 0047                   .dbfile D:\desk_station\LM041L\AVR_licheng\USART_24C01_ok\source\main.c
 0047                   .dbsym e ind _ind c
                        .area text(rom, con, rel)
 0000                   .dbfile D:\desk_station\LM041L\AVR_licheng\USART_24C01_ok\source\main.c
 0000                   .dbfunc e val_pc_to_msc _val_pc_to_msc fV
 0000           ;              i -> R20
 0000           ;              t -> R16,R17
                        .even
 0000           _val_pc_to_msc::
 0000 0E940000          xcall push_xgset300C
 0004                   .dbline -1
 0004                   .dbline 20
 0004           ; /************************************************
 0004           ; 文件：main.c
 0004           ; 用途：
 0004           ; 注意：内部8M晶振
 0004           ; 创建：2008.4.1
 0004           ; 修改：2008.4.1
 0004           ; Copy Right  (c)  www.avrvi.com  AVR与虚拟仪器
 0004           ; ************************************************/
 0004           ; 
 0004           ; #include "config.h"
 0004           ; #include<time.h>
 0004           ; 
 0004           ; unsigned char tem[20];
 0004           ; unsigned char tem2[20];
 0004           ; unsigned char read_buf[20]="201110123000";
 0004           ; unsigned char out_buf[50]="201110095000";
 0004           ; unsigned char ind=0;
 0004           ; #define uint8 unsigned char
 0004           ; 
 0004           ; void val_pc_to_msc(unsigned char *t){/// string to bcd
 0004                   .dbline 21
 0004           ;        unsigned char i=0;
 0004 4427              clr R20
 0006                   .dbline 22
 0006           ;        for(ind=0;ind<6;++ind){  
 0006 2224              clr R2
 0008 20924600          sts _ind,R2
 000C 2EC0              xjmp L6
 000E           L3:
 000E                   .dbline 22
 000E                   .dbline 23
 000E           ;               tem[ind]=(0xf0)&((t[2*ind]-'0'))<<4;
 000E 20904600          lds R2,_ind
 0012 E22D              mov R30,R2
 0014 FF27              clr R31
 0016 EE0F              lsl R30
 0018 FF1F              rol R31
 001A E00F              add R30,R16
 001C F11F              adc R31,R17
 001E 8081              ldd R24,z+0
 0020 8053              subi R24,48
 0022 8F70              andi R24,#0x0F
 0024 8295              swap R24
 0026 807F              andi R24,240
 0028 E0E0              ldi R30,<_tem
 002A F0E0              ldi R31,>_tem
 002C A22D              mov R26,R2
 002E BB27              clr R27
 0030 AE0F              add R26,R30
 0032 BF1F              adc R27,R31
 0034 8C93              st x,R24
 0036                   .dbline 24
 0036           ;               tem[ind]|=(0x0f)&(t[2*ind+1]-'0');
 0036 20904600          lds R2,_ind
 003A 80E0              ldi R24,<_tem
 003C 90E0              ldi R25,>_tem
 003E A22C              mov R10,R2
 0040 BB24              clr R11
 0042 A80E              add R10,R24
 0044 B91E              adc R11,R25
 0046 E22D              mov R30,R2
 0048 FF27              clr R31
 004A EE0F              lsl R30
 004C FF1F              rol R31
 004E E00F              add R30,R16
 0050 F11F              adc R31,R17
 0052 8181              ldd R24,z+1
 0054 8053              subi R24,48
 0056 8F70              andi R24,15
 0058 F501              movw R30,R10
 005A 2080              ldd R2,z+0
 005C 282A              or R2,R24
 005E 2082              std z+0,R2
 0060                   .dbline 25
 0060           ;        }
 0060           L4:
 0060                   .dbline 22
 0060 80914600          lds R24,_ind
 0064 8F5F              subi R24,255    ; addi 1
 0066 80934600          sts _ind,R24
 006A           L6:
 006A                   .dbline 22
 006A 80914600          lds R24,_ind
 006E 8630              cpi R24,6
 0070 08F4              brsh X2
 0072 CDCF              xjmp L3
 0074           X2:
 0074           X0:
 0074                   .dbline 26
 0074           ;        for(i=0;i<6;++i){
 0074 4427              clr R20
 0076 11C0              xjmp L10
 0078           L7:
 0078                   .dbline 26
 0078                   .dbline 27
 0078           ;               t[i]=tem[5-i];
 0078 242E              mov R2,R20
 007A 3324              clr R3
 007C E5E0              ldi R30,5
 007E F0E0              ldi R31,0
 0080 E219              sub R30,R2
 0082 F309              sbc R31,R3
 0084 80E0              ldi R24,<_tem
 0086 90E0              ldi R25,>_tem
 0088 E80F              add R30,R24
 008A F91F              adc R31,R25
 008C 2080              ldd R2,z+0
 008E E42F              mov R30,R20
 0090 FF27              clr R31
 0092 E00F              add R30,R16
 0094 F11F              adc R31,R17
 0096 2082              std z+0,R2
 0098                   .dbline 28
 0098           ;        }
 0098           L8:
 0098                   .dbline 26
 0098 4395              inc R20
 009A           L10:
 009A                   .dbline 26
 009A 4630              cpi R20,6
 009C 68F3              brlo L7
 009E           X1:
 009E                   .dbline -2
 009E           L2:
 009E                   .dbline 0 ; func end
 009E 0C940000          xjmp pop_xgset300C
 00A2                   .dbsym r i 20 c
 00A2                   .dbsym r t 16 pc
 00A2                   .dbend
 00A2                   .dbfunc e time_init _time_init fV
 00A2           ;              s -> R20,R21
                        .even
 00A2           _time_init::
 00A2 4A93              st -y,R20
 00A4 5A93              st -y,R21
 00A6 A801              movw R20,R16
 00A8                   .dbline -1
 00A8                   .dbline 35
 00A8           ; }
 00A8           ; 
 00A8           ; 
 00A8           ; 
 00A8           ; 
 00A8           ; void time_init(uint8 *s)// s is a string 
 00A8           ; {
 00A8                   .dbline 37
 00A8           ; 
 00A8           ;       val_pc_to_msc(s);
 00A8 8A01              movw R16,R20
 00AA AADF              xcall _val_pc_to_msc
 00AC                   .dbline 38
 00AC           ;          pcf_set_byte(0x02,s[0]);         //秒
 00AC FA01              movw R30,R20
 00AE 2081              ldd R18,z+0
 00B0 3327              clr R19
 00B2 02E0              ldi R16,2
 00B4 0E940000          xcall _pcf_set_byte
 00B8                   .dbline 39
 00B8           ;          pcf_set_byte(0x03,s[1]);         //分钟    
 00B8 FA01              movw R30,R20
 00BA 2181              ldd R18,z+1
 00BC 3327              clr R19
 00BE 03E0              ldi R16,3
 00C0 0E940000          xcall _pcf_set_byte
 00C4                   .dbline 40
 00C4           ;          pcf_set_byte(0x04,s[2]);          //时             
 00C4 FA01              movw R30,R20
 00C6 2281              ldd R18,z+2
 00C8 3327              clr R19
 00CA 04E0              ldi R16,4
 00CC 0E940000          xcall _pcf_set_byte
 00D0                   .dbline 41
 00D0           ;          pcf_set_byte(0x05,s[3]);          //日
 00D0 FA01              movw R30,R20
 00D2 2381              ldd R18,z+3
 00D4 3327              clr R19
 00D6 05E0              ldi R16,5
 00D8 0E940000          xcall _pcf_set_byte
 00DC                   .dbline 42
 00DC           ;          pcf_set_byte(0x06,0x00);          //星期
 00DC 2227              clr R18
 00DE 3327              clr R19
 00E0 06E0              ldi R16,6
 00E2 0E940000          xcall _pcf_set_byte
 00E6                   .dbline 43
 00E6           ;          pcf_set_byte(0x07,s[4]);          //月
 00E6 FA01              movw R30,R20
 00E8 2481              ldd R18,z+4
 00EA 3327              clr R19
 00EC 07E0              ldi R16,7
 00EE 0E940000          xcall _pcf_set_byte
 00F2                   .dbline 44
 00F2           ;          pcf_set_byte(0x08,s[5]);          //年
 00F2 FA01              movw R30,R20
 00F4 2581              ldd R18,z+5
 00F6 3327              clr R19
 00F8 08E0              ldi R16,8
 00FA 0E940000          xcall _pcf_set_byte
 00FE                   .dbline 45
 00FE           ;                pcf_start();
 00FE 0E940000          xcall _pcf_start
 0102                   .dbline -2
 0102           L11:
 0102                   .dbline 0 ; func end
 0102 5991              ld R21,y+
 0104 4991              ld R20,y+
 0106 0895              ret
 0108                   .dbsym r s 20 pc
 0108                   .dbend
 0108                   .dbfunc e pre_transfer _pre_transfer fV
 0108           ;              t -> R16,R17
                        .even
 0108           _pre_transfer::
 0108 4A93              st -y,R20
 010A 5A93              st -y,R21
 010C                   .dbline -1
 010C                   .dbline 50
 010C           ; }
 010C           ; 
 010C           ; 
 010C           ; 
 010C           ; void pre_transfer(unsigned char *t){
 010C                   .dbline 51
 010C           ;        t[0]&=0x7f;     t[1]&=0x7f;
 010C F801              movw R30,R16
 010E 8081              ldd R24,z+0
 0110 8F77              andi R24,127
 0112 8083              std z+0,R24
 0114                   .dbline 51
 0114 CF01              movw R24,R30
 0116 0196              adiw R24,1
 0118 FC01              movw R30,R24
 011A 8081              ldd R24,z+0
 011C 8F77              andi R24,127
 011E 8083              std z+0,R24
 0120                   .dbline 52
 0120           ;        t[2]&=0x3f;     t[3]&=0x3f;
 0120 C801              movw R24,R16
 0122 0296              adiw R24,2
 0124 FC01              movw R30,R24
 0126 8081              ldd R24,z+0
 0128 8F73              andi R24,63
 012A 8083              std z+0,R24
 012C                   .dbline 52
 012C A801              movw R20,R16
 012E 4D5F              subi R20,253  ; offset = 3
 0130 5F4F              sbci R21,255
 0132 FA01              movw R30,R20
 0134 8081              ldd R24,z+0
 0136 8F73              andi R24,63
 0138 8083              std z+0,R24
 013A                   .dbline 53
 013A           ;        t[4]&=0x07;     t[5]&=0x1f;
 013A A801              movw R20,R16
 013C 4C5F              subi R20,252  ; offset = 4
 013E 5F4F              sbci R21,255
 0140 FA01              movw R30,R20
 0142 8081              ldd R24,z+0
 0144 8770              andi R24,7
 0146 8083              std z+0,R24
 0148                   .dbline 53
 0148 A801              movw R20,R16
 014A 4B5F              subi R20,251  ; offset = 5
 014C 5F4F              sbci R21,255
 014E FA01              movw R30,R20
 0150 8081              ldd R24,z+0
 0152 8F71              andi R24,31
 0154 8083              std z+0,R24
 0156                   .dbline -2
 0156           L12:
 0156                   .dbline 0 ; func end
 0156 5991              ld R21,y+
 0158 4991              ld R20,y+
 015A 0895              ret
 015C                   .dbsym r t 16 pc
 015C                   .dbend
 015C                   .dbfunc e val_msc_to_pc _val_msc_to_pc fV
 015C           ;              i -> R20
 015C           ;              t -> R10,R11
                        .even
 015C           _val_msc_to_pc::
 015C 0E940000          xcall push_xgset300C
 0160 5801              movw R10,R16
 0162                   .dbline -1
 0162                   .dbline 58
 0162           ; }
 0162           ; 
 0162           ; 
 0162           ; ///use_to_display_val_to_com_string_ok
 0162           ; void val_msc_to_pc(unsigned char *t){
 0162                   .dbline 59
 0162           ;        unsigned char i=0;
 0162                   .dbline 60
 0162           ;        ind=0;
 0162 2224              clr R2
 0164 20924600          sts _ind,R2
 0168                   .dbline 61
 0168           ;        for(i=0;i<7;++i){  
 0168 4427              clr R20
 016A 2FC0              xjmp L17
 016C           L14:
 016C                   .dbline 61
 016C                   .dbline 62
 016C           ;               tem[ind++]='0'+(t[i]/16);
 016C 20904600          lds R2,_ind
 0170 3324              clr R3
 0172 822D              mov R24,R2
 0174 8F5F              subi R24,255    ; addi 1
 0176 80934600          sts _ind,R24
 017A E42F              mov R30,R20
 017C FF27              clr R31
 017E EA0D              add R30,R10
 0180 FB1D              adc R31,R11
 0182 8081              ldd R24,z+0
 0184 8295              swap R24
 0186 8F70              andi R24,#0x0F
 0188 805D              subi R24,208    ; addi 48
 018A E0E0              ldi R30,<_tem
 018C F0E0              ldi R31,>_tem
 018E A22D              mov R26,R2
 0190 BB27              clr R27
 0192 AE0F              add R26,R30
 0194 BF1F              adc R27,R31
 0196 8C93              st x,R24
 0198                   .dbline 63
 0198           ;               tem[ind++]='0'+(t[i]%16);
 0198 20904600          lds R2,_ind
 019C 3324              clr R3
 019E 822D              mov R24,R2
 01A0 8F5F              subi R24,255    ; addi 1
 01A2 80934600          sts _ind,R24
 01A6 E42F              mov R30,R20
 01A8 FF27              clr R31
 01AA EA0D              add R30,R10
 01AC FB1D              adc R31,R11
 01AE 0081              ldd R16,z+0
 01B0 10E1              ldi R17,16
 01B2 0E940000          xcall mod8u
 01B6 802F              mov R24,R16
 01B8 805D              subi R24,208    ; addi 48
 01BA E0E0              ldi R30,<_tem
 01BC F0E0              ldi R31,>_tem
 01BE A22D              mov R26,R2
 01C0 BB27              clr R27
 01C2 AE0F              add R26,R30
 01C4 BF1F              adc R27,R31
 01C6 8C93              st x,R24
 01C8                   .dbline 64
 01C8           ;        }
 01C8           L15:
 01C8                   .dbline 61
 01C8 4395              inc R20
 01CA           L17:
 01CA                   .dbline 61
 01CA 4730              cpi R20,7
 01CC 08F4              brsh X5
 01CE CECF              xjmp L14
 01D0           X5:
 01D0           X3:
 01D0                   .dbline 65
 01D0           ;        tem[ind]='\0';
 01D0 80E0              ldi R24,<_tem
 01D2 90E0              ldi R25,>_tem
 01D4 E0914600          lds R30,_ind
 01D8 FF27              clr R31
 01DA E80F              add R30,R24
 01DC F91F              adc R31,R25
 01DE 2224              clr R2
 01E0 2082              std z+0,R2
 01E2                   .dbline 66
 01E2           ;        for(i=0;tem[i];++i){
 01E2 4427              clr R20
 01E4 0DC0              xjmp L21
 01E6           L18:
 01E6                   .dbline 66
 01E6                   .dbline 67
 01E6           ;               t[i]=tem[i];
 01E6 80E0              ldi R24,<_tem
 01E8 90E0              ldi R25,>_tem
 01EA E42F              mov R30,R20
 01EC FF27              clr R31
 01EE E80F              add R30,R24
 01F0 F91F              adc R31,R25
 01F2 2080              ldd R2,z+0
 01F4 E42F              mov R30,R20
 01F6 FF27              clr R31
 01F8 EA0D              add R30,R10
 01FA FB1D              adc R31,R11
 01FC 2082              std z+0,R2
 01FE                   .dbline 68
 01FE           ;        }
 01FE           L19:
 01FE                   .dbline 66
 01FE 4395              inc R20
 0200           L21:
 0200                   .dbline 66
 0200 80E0              ldi R24,<_tem
 0202 90E0              ldi R25,>_tem
 0204 E42F              mov R30,R20
 0206 FF27              clr R31
 0208 E80F              add R30,R24
 020A F91F              adc R31,R25
 020C 2080              ldd R2,z+0
 020E 2220              tst R2
 0210 51F7              brne L18
 0212           X4:
 0212                   .dbline 69
 0212           ;        t[i]='\0';
 0212 E42F              mov R30,R20
 0214 FF27              clr R31
 0216 EA0D              add R30,R10
 0218 FB1D              adc R31,R11
 021A 2224              clr R2
 021C 2082              std z+0,R2
 021E                   .dbline -2
 021E           L13:
 021E                   .dbline 0 ; func end
 021E 0C940000          xjmp pop_xgset300C
 0222                   .dbsym r i 20 c
 0222                   .dbsym r t 10 pc
 0222                   .dbend
 0222                   .dbfunc e len _len fc
 0222           ;            cnt -> R10
 0222           ;              i -> R12
 0222           ;              s -> R16,R17
                        .even
 0222           _len::
 0222 AA92              st -y,R10
 0224 CA92              st -y,R12
 0226                   .dbline -1
 0226                   .dbline 74
 0226           ;        
 0226           ; }
 0226           ; 
 0226           ; #define uint8 unsigned char
 0226           ; unsigned char len(unsigned char *s){
 0226                   .dbline 75
 0226           ;                uint8 i=0,cnt=0;
 0226 CC24              clr R12
 0228                   .dbline 75
 0228 AA24              clr R10
 022A                   .dbline 76
 022A           ;                for(;s[i];++i){
 022A 02C0              xjmp L26
 022C           L23:
 022C                   .dbline 76
 022C                   .dbline 77
 022C           ;                       ++cnt;
 022C A394              inc R10
 022E                   .dbline 78
 022E           ;                }
 022E           L24:
 022E                   .dbline 76
 022E C394              inc R12
 0230           L26:
 0230                   .dbline 76
 0230 EC2D              mov R30,R12
 0232 FF27              clr R31
 0234 E00F              add R30,R16
 0236 F11F              adc R31,R17
 0238 2080              ldd R2,z+0
 023A 2220              tst R2
 023C B9F7              brne L23
 023E           X6:
 023E                   .dbline 79
 023E           ;                return cnt;
 023E 0A2D              mov R16,R10
 0240                   .dbline -2
 0240           L22:
 0240                   .dbline 0 ; func end
 0240 C990              ld R12,y+
 0242 A990              ld R10,y+
 0244 0895              ret
 0246                   .dbsym r cnt 10 c
 0246                   .dbsym r i 12 c
 0246                   .dbsym r s 16 pc
 0246                   .dbend
 0246                   .dbfunc e msc_to_pc _msc_to_pc fV
 0246           ;              s -> R10,R11
                        .even
 0246           _msc_to_pc::
 0246 AA92              st -y,R10
 0248 BA92              st -y,R11
 024A 5801              movw R10,R16
 024C 2297              sbiw R28,2
 024E                   .dbline -1
 024E                   .dbline 84
 024E           ; }
 024E           ; 
 024E           ; 
 024E           ; /// com_packet
 024E           ; void msc_to_pc(unsigned char *s){
 024E                   .dbline 85
 024E           ;        Com_putstring (s,len(s),&RTbuf_UART0);
 024E 8501              movw R16,R10
 0250 E8DF              xcall _len
 0252 80E0              ldi R24,<_RTbuf_UART0
 0254 90E0              ldi R25,>_RTbuf_UART0
 0256 9983              std y+1,R25
 0258 8883              std y+0,R24
 025A 202F              mov R18,R16
 025C 8501              movw R16,R10
 025E 0E940000          xcall _Com_putstring
 0262                   .dbline -2
 0262           L27:
 0262                   .dbline 0 ; func end
 0262 2296              adiw R28,2
 0264 B990              ld R11,y+
 0266 A990              ld R10,y+
 0268 0895              ret
 026A                   .dbsym r s 10 pc
 026A                   .dbend
 026A                   .dbfunc e pc_to_msc _pc_to_msc fV
 026A           ;            len -> R12
 026A           ;              p -> R10,R11
                        .even
 026A           _pc_to_msc::
 026A 0E940000          xcall push_xgset003C
 026E C22E              mov R12,R18
 0270 5801              movw R10,R16
 0272 2297              sbiw R28,2
 0274                   .dbline -1
 0274                   .dbline 87
 0274           ; }
 0274           ; void pc_to_msc(unsigned char *p,uint8 len){
 0274                   .dbline 88
 0274           ;        Com_getstring (p,len,&RTbuf_UART0);
 0274 80E0              ldi R24,<_RTbuf_UART0
 0276 90E0              ldi R25,>_RTbuf_UART0
 0278 9983              std y+1,R25
 027A 8883              std y+0,R24
 027C 2C2D              mov R18,R12
 027E 8501              movw R16,R10
 0280 0E940000          xcall _Com_getstring
 0284                   .dbline -2
 0284           L28:
 0284                   .dbline 0 ; func end
 0284 2296              adiw R28,2
 0286 0C940000          xjmp pop_xgset003C
 028A                   .dbsym r len 12 c
 028A                   .dbsym r p 10 pc
 028A                   .dbend
 028A                   .dbfunc e out_to_user _out_to_user fV
 028A           ;              s -> R20,R21
                        .even
 028A           _out_to_user::
 028A 0E940000          xcall push_xgsetF000
 028E A801              movw R20,R16
 0290                   .dbline -1
 0290                   .dbline 91
 0290           ; }/// com_packet_end
 0290           ; 
 0290           ; void out_to_user(uint8 *s){
 0290                   .dbline 92
 0290           ;        ind=0;
 0290 2224              clr R2
 0292 20924600          sts _ind,R2
 0296                   .dbline 93
 0296           ;      out_buf[ind++]='2';
 0296 3324              clr R3
 0298 822D              mov R24,R2
 029A 8F5F              subi R24,255    ; addi 1
 029C 80934600          sts _ind,R24
 02A0 80E0              ldi R24,<_out_buf
 02A2 90E0              ldi R25,>_out_buf
 02A4 E22D              mov R30,R2
 02A6 FF27              clr R31
 02A8 E80F              add R30,R24
 02AA F91F              adc R31,R25
 02AC 82E3              ldi R24,50
 02AE 8083              std z+0,R24
 02B0                   .dbline 94
 02B0           ;        out_buf[ind++]='0';
 02B0 20904600          lds R2,_ind
 02B4 3324              clr R3
 02B6 822D              mov R24,R2
 02B8 8F5F              subi R24,255    ; addi 1
 02BA 80934600          sts _ind,R24
 02BE 80E0              ldi R24,<_out_buf
 02C0 90E0              ldi R25,>_out_buf
 02C2 E22D              mov R30,R2
 02C4 FF27              clr R31
 02C6 E80F              add R30,R24
 02C8 F91F              adc R31,R25
 02CA 80E3              ldi R24,48
 02CC 8083              std z+0,R24
 02CE                   .dbline 95
 02CE           ;      out_buf[ind++]=s[12];
 02CE 60914600          lds R22,_ind
 02D2 7727              clr R23
 02D4 862F              mov R24,R22
 02D6 8F5F              subi R24,255    ; addi 1
 02D8 80934600          sts _ind,R24
 02DC 80E0              ldi R24,<_out_buf
 02DE 90E0              ldi R25,>_out_buf
 02E0 E62F              mov R30,R22
 02E2 FF27              clr R31
 02E4 E80F              add R30,R24
 02E6 F91F              adc R31,R25
 02E8 DA01              movw R26,R20
 02EA 1C96              adiw R26,12
 02EC 2C90              ld R2,x
 02EE 2082              std z+0,R2
 02F0                   .dbline 96
 02F0           ;        out_buf[ind++]=s[13];
 02F0 60914600          lds R22,_ind
 02F4 7727              clr R23
 02F6 862F              mov R24,R22
 02F8 8F5F              subi R24,255    ; addi 1
 02FA 80934600          sts _ind,R24
 02FE 80E0              ldi R24,<_out_buf
 0300 90E0              ldi R25,>_out_buf
 0302 E62F              mov R30,R22
 0304 FF27              clr R31
 0306 E80F              add R30,R24
 0308 F91F              adc R31,R25
 030A DA01              movw R26,R20
 030C 1D96              adiw R26,13
 030E 2C90              ld R2,x
 0310 2082              std z+0,R2
 0312                   .dbline 97
 0312           ;        out_buf[ind++]='-';
 0312 60914600          lds R22,_ind
 0316 7727              clr R23
 0318 862F              mov R24,R22
 031A 8F5F              subi R24,255    ; addi 1
 031C 80934600          sts _ind,R24
 0320 80E0              ldi R24,<_out_buf
 0322 90E0              ldi R25,>_out_buf
 0324 E62F              mov R30,R22
 0326 FF27              clr R31
 0328 E80F              add R30,R24
 032A F91F              adc R31,R25
 032C 8DE2              ldi R24,45
 032E 8083              std z+0,R24
 0330                   .dbline 99
 0330           ;      
 0330           ;      out_buf[ind++]=s[10];
 0330 60914600          lds R22,_ind
 0334 7727              clr R23
 0336 862F              mov R24,R22
 0338 8F5F              subi R24,255    ; addi 1
 033A 80934600          sts _ind,R24
 033E 80E0              ldi R24,<_out_buf
 0340 90E0              ldi R25,>_out_buf
 0342 E62F              mov R30,R22
 0344 FF27              clr R31
 0346 E80F              add R30,R24
 0348 F91F              adc R31,R25
 034A DA01              movw R26,R20
 034C 1A96              adiw R26,10
 034E 2C90              ld R2,x
 0350 2082              std z+0,R2
 0352                   .dbline 100
 0352           ;        out_buf[ind++]=s[11];
 0352 60914600          lds R22,_ind
 0356 7727              clr R23
 0358 862F              mov R24,R22
 035A 8F5F              subi R24,255    ; addi 1
 035C 80934600          sts _ind,R24
 0360 80E0              ldi R24,<_out_buf
 0362 90E0              ldi R25,>_out_buf
 0364 E62F              mov R30,R22
 0366 FF27              clr R31
 0368 E80F              add R30,R24
 036A F91F              adc R31,R25
 036C DA01              movw R26,R20
 036E 1B96              adiw R26,11
 0370 2C90              ld R2,x
 0372 2082              std z+0,R2
 0374                   .dbline 101
 0374           ;        out_buf[ind++]='-';
 0374 60914600          lds R22,_ind
 0378 7727              clr R23
 037A 862F              mov R24,R22
 037C 8F5F              subi R24,255    ; addi 1
 037E 80934600          sts _ind,R24
 0382 80E0              ldi R24,<_out_buf
 0384 90E0              ldi R25,>_out_buf
 0386 E62F              mov R30,R22
 0388 FF27              clr R31
 038A E80F              add R30,R24
 038C F91F              adc R31,R25
 038E 8DE2              ldi R24,45
 0390 8083              std z+0,R24
 0392                   .dbline 103
 0392           ;      
 0392           ;      out_buf[ind++]=s[6];
 0392 60914600          lds R22,_ind
 0396 7727              clr R23
 0398 862F              mov R24,R22
 039A 8F5F              subi R24,255    ; addi 1
 039C 80934600          sts _ind,R24
 03A0 80E0              ldi R24,<_out_buf
 03A2 90E0              ldi R25,>_out_buf
 03A4 E62F              mov R30,R22
 03A6 FF27              clr R31
 03A8 E80F              add R30,R24
 03AA F91F              adc R31,R25
 03AC DA01              movw R26,R20
 03AE 1696              adiw R26,6
 03B0 2C90              ld R2,x
 03B2 2082              std z+0,R2
 03B4                   .dbline 104
 03B4           ;        out_buf[ind++]=s[7];
 03B4 60914600          lds R22,_ind
 03B8 7727              clr R23
 03BA 862F              mov R24,R22
 03BC 8F5F              subi R24,255    ; addi 1
 03BE 80934600          sts _ind,R24
 03C2 80E0              ldi R24,<_out_buf
 03C4 90E0              ldi R25,>_out_buf
 03C6 E62F              mov R30,R22
 03C8 FF27              clr R31
 03CA E80F              add R30,R24
 03CC F91F              adc R31,R25
 03CE DA01              movw R26,R20
 03D0 1796              adiw R26,7
 03D2 2C90              ld R2,x
 03D4 2082              std z+0,R2
 03D6                   .dbline 105
 03D6           ;        out_buf[ind++]=' ';out_buf[ind++]=' ';
 03D6 60914600          lds R22,_ind
 03DA 7727              clr R23
 03DC 862F              mov R24,R22
 03DE 8F5F              subi R24,255    ; addi 1
 03E0 80934600          sts _ind,R24
 03E4 80E0              ldi R24,<_out_buf
 03E6 90E0              ldi R25,>_out_buf
 03E8 E62F              mov R30,R22
 03EA FF27              clr R31
 03EC E80F              add R30,R24
 03EE F91F              adc R31,R25
 03F0 80E2              ldi R24,32
 03F2 8083              std z+0,R24
 03F4                   .dbline 105
 03F4 60914600          lds R22,_ind
 03F8 7727              clr R23
 03FA 862F              mov R24,R22
 03FC 8F5F              subi R24,255    ; addi 1
 03FE 80934600          sts _ind,R24
 0402 80E0              ldi R24,<_out_buf
 0404 90E0              ldi R25,>_out_buf
 0406 E62F              mov R30,R22
 0408 FF27              clr R31
 040A E80F              add R30,R24
 040C F91F              adc R31,R25
 040E 80E2              ldi R24,32
 0410 8083              std z+0,R24
 0412                   .dbline 107
 0412           ;      
 0412           ;      out_buf[ind++]=s[4];
 0412 60914600          lds R22,_ind
 0416 7727              clr R23
 0418 862F              mov R24,R22
 041A 8F5F              subi R24,255    ; addi 1
 041C 80934600          sts _ind,R24
 0420 80E0              ldi R24,<_out_buf
 0422 90E0              ldi R25,>_out_buf
 0424 E62F              mov R30,R22
 0426 FF27              clr R31
 0428 E80F              add R30,R24
 042A F91F              adc R31,R25
 042C DA01              movw R26,R20
 042E 1496              adiw R26,4
 0430 2C90              ld R2,x
 0432 2082              std z+0,R2
 0434                   .dbline 108
 0434           ;        out_buf[ind++]=s[5];
 0434 60914600          lds R22,_ind
 0438 7727              clr R23
 043A 862F              mov R24,R22
 043C 8F5F              subi R24,255    ; addi 1
 043E 80934600          sts _ind,R24
 0442 80E0              ldi R24,<_out_buf
 0444 90E0              ldi R25,>_out_buf
 0446 E62F              mov R30,R22
 0448 FF27              clr R31
 044A E80F              add R30,R24
 044C F91F              adc R31,R25
 044E DA01              movw R26,R20
 0450 1596              adiw R26,5
 0452 2C90              ld R2,x
 0454 2082              std z+0,R2
 0456                   .dbline 109
 0456           ;        out_buf[ind++]=':';
 0456 60914600          lds R22,_ind
 045A 7727              clr R23
 045C 862F              mov R24,R22
 045E 8F5F              subi R24,255    ; addi 1
 0460 80934600          sts _ind,R24
 0464 80E0              ldi R24,<_out_buf
 0466 90E0              ldi R25,>_out_buf
 0468 E62F              mov R30,R22
 046A FF27              clr R31
 046C E80F              add R30,R24
 046E F91F              adc R31,R25
 0470 8AE3              ldi R24,58
 0472 8083              std z+0,R24
 0474                   .dbline 110
 0474           ;        out_buf[ind++]=s[2];
 0474 60914600          lds R22,_ind
 0478 7727              clr R23
 047A 862F              mov R24,R22
 047C 8F5F              subi R24,255    ; addi 1
 047E 80934600          sts _ind,R24
 0482 80E0              ldi R24,<_out_buf
 0484 90E0              ldi R25,>_out_buf
 0486 E62F              mov R30,R22
 0488 FF27              clr R31
 048A E80F              add R30,R24
 048C F91F              adc R31,R25
 048E DA01              movw R26,R20
 0490 1296              adiw R26,2
 0492 2C90              ld R2,x
 0494 2082              std z+0,R2
 0496                   .dbline 111
 0496           ;        out_buf[ind++]=s[3];
 0496 60914600          lds R22,_ind
 049A 7727              clr R23
 049C 862F              mov R24,R22
 049E 8F5F              subi R24,255    ; addi 1
 04A0 80934600          sts _ind,R24
 04A4 80E0              ldi R24,<_out_buf
 04A6 90E0              ldi R25,>_out_buf
 04A8 E62F              mov R30,R22
 04AA FF27              clr R31
 04AC E80F              add R30,R24
 04AE F91F              adc R31,R25
 04B0 DA01              movw R26,R20
 04B2 1396              adiw R26,3
 04B4 2C90              ld R2,x
 04B6 2082              std z+0,R2
 04B8                   .dbline 112
 04B8           ;        out_buf[ind++]=':';
 04B8 60914600          lds R22,_ind
 04BC 7727              clr R23
 04BE 862F              mov R24,R22
 04C0 8F5F              subi R24,255    ; addi 1
 04C2 80934600          sts _ind,R24
 04C6 80E0              ldi R24,<_out_buf
 04C8 90E0              ldi R25,>_out_buf
 04CA E62F              mov R30,R22
 04CC FF27              clr R31
 04CE E80F              add R30,R24
 04D0 F91F              adc R31,R25
 04D2 8AE3              ldi R24,58
 04D4 8083              std z+0,R24
 04D6                   .dbline 113
 04D6           ;        out_buf[ind++]=s[0];
 04D6 60914600          lds R22,_ind
 04DA 7727              clr R23
 04DC 862F              mov R24,R22
 04DE 8F5F              subi R24,255    ; addi 1
 04E0 80934600          sts _ind,R24
 04E4 80E0              ldi R24,<_out_buf
 04E6 90E0              ldi R25,>_out_buf
 04E8 E62F              mov R30,R22
 04EA FF27              clr R31
 04EC E80F              add R30,R24
 04EE F91F              adc R31,R25
 04F0 DA01              movw R26,R20
 04F2 2C90              ld R2,x
 04F4 2082              std z+0,R2
 04F6                   .dbline 114
 04F6           ;        out_buf[ind++]=s[1];
 04F6 60914600          lds R22,_ind
 04FA 7727              clr R23
 04FC 862F              mov R24,R22
 04FE 8F5F              subi R24,255    ; addi 1
 0500 80934600          sts _ind,R24
 0504 80E0              ldi R24,<_out_buf
 0506 90E0              ldi R25,>_out_buf
 0508 E62F              mov R30,R22
 050A FF27              clr R31
 050C E80F              add R30,R24
 050E F91F              adc R31,R25
 0510 1196              adiw R26,1
 0512 2C90              ld R2,x
 0514 2082              std z+0,R2
 0516                   .dbline 115
 0516           ;        out_buf[ind++]='\n';
 0516 40914600          lds R20,_ind
 051A 5527              clr R21
 051C 842F              mov R24,R20
 051E 8F5F              subi R24,255    ; addi 1
 0520 80934600          sts _ind,R24
 0524 80E0              ldi R24,<_out_buf
 0526 90E0              ldi R25,>_out_buf
 0528 E42F              mov R30,R20
 052A FF27              clr R31
 052C E80F              add R30,R24
 052E F91F              adc R31,R25
 0530 8AE0              ldi R24,10
 0532 8083              std z+0,R24
 0534                   .dbline 116
 0534           ;        out_buf[ind]='\0';
 0534 80E0              ldi R24,<_out_buf
 0536 90E0              ldi R25,>_out_buf
 0538 E0914600          lds R30,_ind
 053C FF27              clr R31
 053E E80F              add R30,R24
 0540 F91F              adc R31,R25
 0542 2224              clr R2
 0544 2082              std z+0,R2
 0546                   .dbline 117
 0546           ;        msc_to_pc(out_buf);    
 0546 00E0              ldi R16,<_out_buf
 0548 10E0              ldi R17,>_out_buf
 054A 7DDE              xcall _msc_to_pc
 054C                   .dbline -2
 054C           L29:
 054C                   .dbline 0 ; func end
 054C 0C940000          xjmp pop_xgsetF000
 0550                   .dbsym r s 20 pc
 0550                   .dbend
 0550                   .dbfunc e main _main fV
 0550           ;             ng -> R12
 0550           ;         W_Buff -> R20,R21
 0550           ;         R_Buff -> R20,R21
 0550           ;        key_brk -> R22
 0550           ;            Key -> R10
 0550           ;              i -> R22
 0550           ;              j -> R10
                        .even
 0550           _main::
 0550 2297              sbiw R28,2
 0552                   .dbline -1
 0552                   .dbline 121
 0552           ; }
 0552           ; 
 0552           ; void main(void)
 0552           ; {
 0552                   .dbline 122
 0552           ;      unsigned char *W_Buff="www.avrvi.com",*R_Buff="\0",i=0,j=0,Key,key_brk,ng;
 0552                   .dbline 122
 0552 40E0              ldi R20,<L32
 0554 50E0              ldi R21,>L32
 0556                   .dbline 122
 0556                   .dbline 122
 0556 AA24              clr R10
 0558                   .dbline 125
 0558           ;        
 0558           ;        //// init_process
 0558           ;        CLI();
 0558 F894              cli
 055A                   .dbline 126
 055A           ;        Com_init();
 055A 0E940000          xcall _Com_init
 055E                   .dbline 127
 055E           ;        twi_init();
 055E 0E940000          xcall _twi_init
 0562                   .dbline 128
 0562           ;      CLI();
 0562 F894              cli
 0564                   .dbline 129
 0564           ;      ng= read_temperature();
 0564 0E940000          xcall _read_temperature
 0568                   .dbline 130
 0568           ;      delay_nms(500);
 0568 04EF              ldi R16,500
 056A 11E0              ldi R17,1
 056C 0E940000          xcall _delay_nms
 0570                   .dbline 131
 0570           ;      delay_nms(1000);
 0570 08EE              ldi R16,1000
 0572 13E0              ldi R17,3
 0574 0E940000          xcall _delay_nms
 0578                   .dbline 132
 0578           ;      ng= read_temperature();
 0578 0E940000          xcall _read_temperature
 057C C02E              mov R12,R16
 057E                   .dbline 133
 057E           ;      SEI();
 057E 7894              sei
 0580                   .dbline 151
 0580           ; //         ng= read_temperature();
 0580           ;        //// init_process_end
 0580           ;        
 0580           ;        //pcf 
 0580           ; //     msc_to_pc("Plead write the time to the msc now!\n\n");
 0580           ; //     while(1);
 0580           ; // msc_to_pc("24C01 Write: www.avrvi.com\n\n");
 0580           ; //     time_init(read_buf);
 0580           ; //     pcf_start();
 0580           ;       //pcf_init_end  
 0580           ; //     delay_nms(5000);        
 0580           ; 
 0580           ; //////////////////////////////////////////////exp_process
 0580           ; 
 0580           ; /////////////////////////led_test
 0580           ; 
 0580           ; 
 0580           ;        msc_to_pc("led_test\n");
 0580 00E0              ldi R16,<L33
 0582 10E0              ldi R17,>L33
 0584 60DE              xcall _msc_to_pc
 0586                   .dbline 152
 0586           ;      delay_nms(500);
 0586 04EF              ldi R16,500
 0588 11E0              ldi R17,1
 058A 0E940000          xcall _delay_nms
 058E                   .dbline 153
 058E           ;      Com_disable();
 058E 0E940000          xcall _Com_disable
 0592                   .dbline 154
 0592           ;  PORTE = 0xFF;
 0592 8FEF              ldi R24,255
 0594 83B9              out 0x3,R24
 0596                   .dbline 155
 0596           ;  DDRE  = 0xFF;
 0596 82B9              out 0x2,R24
 0598                   .dbline 157
 0598           ; 
 0598           ;          for(i=0;i<3;i++)
 0598 6627              clr R22
 059A 0DC0              xjmp L37
 059C           L34:
 059C                   .dbline 158
 059C           ;                {
 059C                   .dbline 159
 059C           ;                 PORTE = 0;
 059C 2224              clr R2
 059E 23B8              out 0x3,R2
 05A0                   .dbline 160
 05A0           ;                 delay_nms(300);
 05A0 0CE2              ldi R16,300
 05A2 11E0              ldi R17,1
 05A4 0E940000          xcall _delay_nms
 05A8                   .dbline 161
 05A8           ;                 PORTE = 0xff;
 05A8 8FEF              ldi R24,255
 05AA 83B9              out 0x3,R24
 05AC                   .dbline 162
 05AC           ;                 delay_nms(300);
 05AC 0CE2              ldi R16,300
 05AE 11E0              ldi R17,1
 05B0 0E940000          xcall _delay_nms
 05B4                   .dbline 163
 05B4           ;                }
 05B4           L35:
 05B4                   .dbline 157
 05B4 6395              inc R22
 05B6           L37:
 05B6                   .dbline 157
 05B6 6330              cpi R22,3
 05B8 88F3              brlo L34
 05BA           X7:
 05BA                   .dbline 164
 05BA           ;          Com_init();
 05BA 0E940000          xcall _Com_init
 05BE                   .dbline 172
 05BE           ; //.///////////////////////led_test_end
 05BE           ; 
 05BE           ; 
 05BE           ; 
 05BE           ; //8.ds18b20
 05BE           ;     
 05BE           ; 
 05BE           ;     msc_to_pc("DS18B20\n");
 05BE 00E0              ldi R16,<L38
 05C0 10E0              ldi R17,>L38
 05C2 41DE              xcall _msc_to_pc
 05C4                   .dbline 173
 05C4           ;     convert_temp_data();
 05C4 0E940000          xcall _convert_temp_data
 05C8                   .dbline 174
 05C8           ;     msc_to_pc(current_temp_display_buffer);
 05C8 00E0              ldi R16,<_current_temp_display_buffer
 05CA 10E0              ldi R17,>_current_temp_display_buffer
 05CC 3CDE              xcall _msc_to_pc
 05CE                   .dbline 183
 05CE           ;     
 05CE           ; //8.ds18b20_end
 05CE           ;     
 05CE           ; 
 05CE           ; 
 05CE           ; 
 05CE           ; /////////////////////////seg7
 05CE           ; 
 05CE           ;        msc_to_pc("\nSEG7_test\n");
 05CE 00E0              ldi R16,<L39
 05D0 10E0              ldi R17,>L39
 05D2 39DE              xcall _msc_to_pc
 05D4                   .dbline 184
 05D4           ;               HC_595_init();
 05D4 0E940000          xcall _HC_595_init
 05D8                   .dbline 186
 05D8           ;               //  Seg7_Led_display(111*i)
 05D8           ;                for(i=0;i<10;i++)
 05D8 6627              clr R22
 05DA 13C0              xjmp L43
 05DC           L40:
 05DC                   .dbline 187
 05DC           ;                {
 05DC                   .dbline 188
 05DC           ;                 for(j=0;j<200;++j){
 05DC AA24              clr R10
 05DE 0DC0              xjmp L47
 05E0           L44:
 05E0                   .dbline 188
 05E0                   .dbline 189
 05E0           ;                       Seg7_Led_display(1111*i);
 05E0 262F              mov R18,R22
 05E2 3327              clr R19
 05E4 07E5              ldi R16,1111
 05E6 14E0              ldi R17,4
 05E8 0E940000          xcall empy16s
 05EC 0E940000          xcall _Seg7_Led_display
 05F0                   .dbline 190
 05F0           ;                 delay_nms(1);
 05F0 01E0              ldi R16,1
 05F2 10E0              ldi R17,0
 05F4 0E940000          xcall _delay_nms
 05F8                   .dbline 191
 05F8           ;                 }  
 05F8           L45:
 05F8                   .dbline 188
 05F8 A394              inc R10
 05FA           L47:
 05FA                   .dbline 188
 05FA 8A2D              mov R24,R10
 05FC 883C              cpi R24,200
 05FE 80F3              brlo L44
 0600           X8:
 0600                   .dbline 192
 0600           ;                }
 0600           L41:
 0600                   .dbline 186
 0600 6395              inc R22
 0602           L43:
 0602                   .dbline 186
 0602 6A30              cpi R22,10
 0604 58F3              brlo L40
 0606           X9:
 0606                   .dbline 201
 0606           ; 
 0606           ; 
 0606           ; /////////////////////////seg7_test_end
 0606           ; 
 0606           ; 
 0606           ; 
 0606           ; /////////////////////////BUZZ_KEY_test
 0606           ; 
 0606           ;        msc_to_pc("BUZZ_KEY_test\n");
 0606 00E0              ldi R16,<L48
 0608 10E0              ldi R17,>L48
 060A 1DDE              xcall _msc_to_pc
 060C                   .dbline 202
 060C           ;       DDRE = 0xFF;
 060C 8FEF              ldi R24,255
 060E 82B9              out 0x2,R24
 0610                   .dbline 203
 0610           ;        PORTE = 0xFF;
 0610 83B9              out 0x3,R24
 0612                   .dbline 204
 0612           ;     Key_init();
 0612 0E940000          xcall _Key_init
 0616                   .dbline 205
 0616           ;     Buzz_init();
 0616 0E940000          xcall _Buzz_init
 061A                   .dbline 206
 061A           ;       key_brk=0;
 061A 6627              clr R22
 061C 71C0              xjmp L50
 061E           L49:
 061E                   .dbline 207
 061E           ;       while(1) {
 061E                   .dbline 208
 061E           ;               if(key_brk)break;
 061E 6623              tst R22
 0620 09F0              breq L52
 0622           X10:
 0622                   .dbline 208
 0622 6FC0              xjmp L51
 0624           L52:
 0624                   .dbline 209
 0624           ;         Key=get_key();
 0624 0E940000          xcall _get_key
 0628 A02E              mov R10,R16
 062A                   .dbline 210
 062A           ;         switch(Key) {
 062A BB24              clr R11
 062C C501              movw R24,R10
 062E 803B              cpi R24,176
 0630 E0E0              ldi R30,0
 0632 9E07              cpc R25,R30
 0634 09F4              brne X18
 0636 37C0              xjmp L58
 0638           X18:
 0638           X11:
 0638 80EB              ldi R24,176
 063A 8A15              cp R24,R10
 063C 9B05              cpc R25,R11
 063E 34F0              brlt L62
 0640           X12:
 0640           L61:
 0640 C501              movw R24,R10
 0642 8037              cpi R24,112
 0644 E0E0              ldi R30,0
 0646 9E07              cpc R25,R30
 0648 99F0              breq L57
 064A           X13:
 064A 5AC0              xjmp L55
 064C           L62:
 064C C501              movw R24,R10
 064E 803D              cpi R24,208
 0650 E0E0              ldi R30,0
 0652 9E07              cpc R25,R30
 0654 09F4              brne X19
 0656 3CC0              xjmp L59
 0658           X19:
 0658           X14:
 0658 803D              cpi R24,208
 065A E0E0              ldi R30,0
 065C 9E07              cpc R25,R30
 065E 0CF4              brge X20
 0660 4FC0              xjmp L55
 0662           X20:
 0662           X15:
 0662           L63:
 0662 C501              movw R24,R10
 0664 803E              cpi R24,224
 0666 E0E0              ldi R30,0
 0668 9E07              cpc R25,R30
 066A 09F4              brne X21
 066C 40C0              xjmp L60
 066E           X21:
 066E           X16:
 066E 48C0              xjmp L55
 0670           L57:
 0670                   .dbline 211
 0670           ;             case ( ((1<<S4)^0xF0) ): {
 0670                   .dbline 212
 0670           ;                 PORTE =~ (1<<3);
 0670 87EF              ldi R24,247
 0672 83B9              out 0x3,R24
 0674                   .dbline 213
 0674           ;                 Beep(100,50);
 0674 22E3              ldi R18,50
 0676 30E0              ldi R19,0
 0678 04E6              ldi R16,100
 067A 10E0              ldi R17,0
 067C 0E940000          xcall _Beep
 0680                   .dbline 214
 0680           ;                 Beep(100,50);
 0680 22E3              ldi R18,50
 0682 30E0              ldi R19,0
 0684 04E6              ldi R16,100
 0686 10E0              ldi R17,0
 0688 0E940000          xcall _Beep
 068C                   .dbline 215
 068C           ;                 Beep(100,50);
 068C 22E3              ldi R18,50
 068E 30E0              ldi R19,0
 0690 04E6              ldi R16,100
 0692 10E0              ldi R17,0
 0694 0E940000          xcall _Beep
 0698                   .dbline 216
 0698           ;                 Beep(100,50);
 0698 22E3              ldi R18,50
 069A 30E0              ldi R19,0
 069C 04E6              ldi R16,100
 069E 10E0              ldi R17,0
 06A0 0E940000          xcall _Beep
 06A4                   .dbline 217
 06A4           ;                               break;
 06A4 2DC0              xjmp L55
 06A6           L58:
 06A6                   .dbline 219
 06A6           ;             }
 06A6           ;             case ( ((1<<S3)^0xF0) ): {
 06A6                   .dbline 220
 06A6           ;                 PORTE =~ (1<<2);
 06A6 8BEF              ldi R24,251
 06A8 83B9              out 0x3,R24
 06AA                   .dbline 221
 06AA           ;                 Beep(100,50);
 06AA 22E3              ldi R18,50
 06AC 30E0              ldi R19,0
 06AE 04E6              ldi R16,100
 06B0 10E0              ldi R17,0
 06B2 0E940000          xcall _Beep
 06B6                   .dbline 222
 06B6           ;                 Beep(100,50);
 06B6 22E3              ldi R18,50
 06B8 30E0              ldi R19,0
 06BA 04E6              ldi R16,100
 06BC 10E0              ldi R17,0
 06BE 0E940000          xcall _Beep
 06C2                   .dbline 223
 06C2           ;                 Beep(100,50);
 06C2 22E3              ldi R18,50
 06C4 30E0              ldi R19,0
 06C6 04E6              ldi R16,100
 06C8 10E0              ldi R17,0
 06CA 0E940000          xcall _Beep
 06CE                   .dbline 224
 06CE           ;                               break;
 06CE 18C0              xjmp L55
 06D0           L59:
 06D0                   .dbline 226
 06D0           ;             }
 06D0           ;             case ( ((1<<S2)^0xF0) ): {
 06D0                   .dbline 227
 06D0           ;                 PORTE =~ (1<<1);
 06D0 8DEF              ldi R24,253
 06D2 83B9              out 0x3,R24
 06D4                   .dbline 228
 06D4           ;                 Beep(100,50);
 06D4 22E3              ldi R18,50
 06D6 30E0              ldi R19,0
 06D8 04E6              ldi R16,100
 06DA 10E0              ldi R17,0
 06DC 0E940000          xcall _Beep
 06E0                   .dbline 229
 06E0           ;                 Beep(100,50);
 06E0 22E3              ldi R18,50
 06E2 30E0              ldi R19,0
 06E4 04E6              ldi R16,100
 06E6 10E0              ldi R17,0
 06E8 0E940000          xcall _Beep
 06EC                   .dbline 230
 06EC           ;                               break;
 06EC 09C0              xjmp L55
 06EE           L60:
 06EE                   .dbline 232
 06EE           ;             }
 06EE           ;             case ( ((1<<S1)^0xF0) ): {
 06EE                   .dbline 233
 06EE           ;                 PORTE =~ (1<<0);
 06EE 8EEF              ldi R24,254
 06F0 83B9              out 0x3,R24
 06F2                   .dbline 234
 06F2           ;                 Beep(100,50);
 06F2 22E3              ldi R18,50
 06F4 30E0              ldi R19,0
 06F6 04E6              ldi R16,100
 06F8 10E0              ldi R17,0
 06FA 0E940000          xcall _Beep
 06FE                   .dbline 235
 06FE           ;                               key_brk=1;
 06FE 61E0              ldi R22,1
 0700                   .dbline 236
 0700           ;                 break;
 0700                   .dbline 238
 0700           ;             }
 0700           ;             default: {
 0700                   .dbline 239
 0700           ;                 break;
 0700           L55:
 0700                   .dbline 243
 0700           ;             }
 0700           ;         }
 0700           ; 
 0700           ;     }
 0700           L50:
 0700                   .dbline 207
 0700 8ECF              xjmp L49
 0702           L51:
 0702                   .dbline 250
 0702           ;       
 0702           ; 
 0702           ; 
 0702           ; /////////////////////////BUZZ_KEY_test_end
 0702           ; // 1.read the pcf_init_data
 0702           ; 
 0702           ;        msc_to_pc("read the pcf_init_data\n");
 0702 00E0              ldi R16,<L64
 0704 10E0              ldi R17,>L64
 0706 9FDD              xcall _msc_to_pc
 0708                   .dbline 251
 0708           ;        pcfread(tem2,2,7);/// get the bcd_to_year
 0708 87E0              ldi R24,7
 070A 90E0              ldi R25,0
 070C 9983              std y+1,R25
 070E 8883              std y+0,R24
 0710 22E0              ldi R18,2
 0712 30E0              ldi R19,0
 0714 00E0              ldi R16,<_tem2
 0716 10E0              ldi R17,>_tem2
 0718 0E940000          xcall _pcfread
 071C                   .dbline 252
 071C           ;        pre_transfer(tem2);///and op
 071C 00E0              ldi R16,<_tem2
 071E 10E0              ldi R17,>_tem2
 0720 F3DC              xcall _pre_transfer
 0722                   .dbline 253
 0722           ;      val_msc_to_pc(tem2);/// bcd to string
 0722 00E0              ldi R16,<_tem2
 0724 10E0              ldi R17,>_tem2
 0726 1ADD              xcall _val_msc_to_pc
 0728                   .dbline 254
 0728           ;        msc_to_pc("read the pcf_init_data_end\n");
 0728 00E0              ldi R16,<L65
 072A 10E0              ldi R17,>L65
 072C 8CDD              xcall _msc_to_pc
 072E                   .dbline 256
 072E           ; // 2.pcf_init_data_read to pc
 072E           ;    out_to_user(tem2);
 072E 00E0              ldi R16,<_tem2
 0730 10E0              ldi R17,>_tem2
 0732 ABDD              xcall _out_to_user
 0734                   .dbline 258
 0734           ; //3. update the pcf data_to now time
 0734           ;        msc_to_pc("update the pcf data_to now time\n");         
 0734 00E0              ldi R16,<L66
 0736 10E0              ldi R17,>L66
 0738 86DD              xcall _msc_to_pc
 073A                   .dbline 259
 073A           ;      time_init(read_buf);
 073A 00E0              ldi R16,<_read_buf
 073C 10E0              ldi R17,>_read_buf
 073E B1DC              xcall _time_init
 0740                   .dbline 261
 0740           ; // 4.read the pcd_now_data
 0740           ;     pcfread(tem2,2,7);/// get the bcd_to_year
 0740 87E0              ldi R24,7
 0742 90E0              ldi R25,0
 0744 9983              std y+1,R25
 0746 8883              std y+0,R24
 0748 22E0              ldi R18,2
 074A 30E0              ldi R19,0
 074C 00E0              ldi R16,<_tem2
 074E 10E0              ldi R17,>_tem2
 0750 0E940000          xcall _pcfread
 0754                   .dbline 262
 0754           ;       pre_transfer(tem2);///and op
 0754 00E0              ldi R16,<_tem2
 0756 10E0              ldi R17,>_tem2
 0758 D7DC              xcall _pre_transfer
 075A                   .dbline 263
 075A           ;       val_msc_to_pc(tem2);/// bcd to string
 075A 00E0              ldi R16,<_tem2
 075C 10E0              ldi R17,>_tem2
 075E FEDC              xcall _val_msc_to_pc
 0760                   .dbline 266
 0760           ;       
 0760           ; // 5.pcf_now_data_read to pc
 0760           ;       out_to_user(tem2);
 0760 00E0              ldi R16,<_tem2
 0762 10E0              ldi R17,>_tem2
 0764 92DD              xcall _out_to_user
 0766                   .dbline 268
 0766           ; // 6.write_to_at24c01
 0766           ;       msc_to_pc("The string written to the AT24C01 is: \"GOOD_EXP\"\n");
 0766 00E0              ldi R16,<L67
 0768 10E0              ldi R17,>L67
 076A 6DDD              xcall _msc_to_pc
 076C                   .dbline 270
 076C           ;        //wt24c(W_Buff,0x00,13);
 076C           ;        wt24c("GOOD_EXP\n\0",0x00,10);
 076C 8AE0              ldi R24,10
 076E 90E0              ldi R25,0
 0770 9983              std y+1,R25
 0772 8883              std y+0,R24
 0774 2227              clr R18
 0776 3327              clr R19
 0778 00E0              ldi R16,<L68
 077A 10E0              ldi R17,>L68
 077C 0E940000          xcall _wt24c
 0780                   .dbline 272
 0780           ; //7.at24c01_to_pc
 0780           ;       msc_to_pc("GET THE STRING:\n");
 0780 00E0              ldi R16,<L69
 0782 10E0              ldi R17,>L69
 0784 60DD              xcall _msc_to_pc
 0786                   .dbline 273
 0786           ;       rd24c(R_Buff,0x00,10);
 0786 8AE0              ldi R24,10
 0788 90E0              ldi R25,0
 078A 9983              std y+1,R25
 078C 8883              std y+0,R24
 078E 2227              clr R18
 0790 3327              clr R19
 0792 8A01              movw R16,R20
 0794 0E940000          xcall _rd24c
 0798                   .dbline 274
 0798           ;       msc_to_pc(R_Buff);
 0798 8A01              movw R16,R20
 079A 55DD              xcall _msc_to_pc
 079C           L70:
 079C                   .dbline 277
 079C           ; 
 079C           ;     
 079C           ; while(1);
 079C           L71:
 079C                   .dbline 277
 079C FFCF              xjmp L70
 079E           L73:
 079E                   .dbline 287
 079E           ; ////////////////////////////////////////exp_process_end
 079E           ; 
 079E           ;        wt24c(W_Buff,0x00,13);
 079E           ;        delay_nms(500);
 079E           ;        //Com_putstring ("24C01 Read: ",12,&RTbuf_UART0);
 079E           ;        rd24c(R_Buff,0x00,13);Com_putstring (R_Buff,13,&RTbuf_UART0);
 079E           ;        //Com_putstring ("\n\n",2,&RTbuf_UART0);
 079E           ;      delay_nms(500);
 079E           ;        while(1)
 079E           ;        {
 079E                   .dbline 288
 079E           ;         ;
 079E                   .dbline 289
 079E           ;        }
 079E           L74:
 079E                   .dbline 286
 079E FFCF              xjmp L73
 07A0           X17:
 07A0                   .dbline -2
 07A0           L30:
 07A0                   .dbline 0 ; func end
 07A0 2296              adiw R28,2
 07A2 0895              ret
 07A4                   .dbsym r ng 12 c
 07A4                   .dbsym r W_Buff 20 pc
 07A4                   .dbsym r R_Buff 20 pc
 07A4                   .dbsym r key_brk 22 c
 07A4                   .dbsym r Key 10 c
 07A4                   .dbsym r i 22 c
 07A4                   .dbsym r j 10 c
 07A4                   .dbend
                        .area bss(ram, con, rel)
 0000                   .dbfile D:\desk_station\LM041L\AVR_licheng\USART_24C01_ok\source\main.c
 0000           _tem2::
 0000                   .blkb 20
 0014                   .dbsym e tem2 _tem2 A[20:20]c
 0014           _tem::
 0014                   .blkb 20
 0028                   .dbsym e tem _tem A[20:20]c
                        .area data(ram, con, rel)
 0047                   .dbfile D:\desk_station\LM041L\AVR_licheng\USART_24C01_ok\source\main.c
 0047           L69:
 0047                   .blkb 17
                        .area idata
 0047 4745542054484520535452494E473A0A  .byte 'G,'E,'T,32,'T,'H,'E,32,'S,'T,'R,'I,'N,'G,58,10
 0057 00                .byte 0
                        .area data(ram, con, rel)
 0058                   .dbfile D:\desk_station\LM041L\AVR_licheng\USART_24C01_ok\source\main.c
 0058           L68:
 0058                   .blkb 11
                        .area idata
 0058 474F4F445F4558500A0000    .byte 'G,'O,'O,'D,95,'E,'X,'P,10,0,0
                        .area data(ram, con, rel)
 0063                   .dbfile D:\desk_station\LM041L\AVR_licheng\USART_24C01_ok\source\main.c
 0063           L67:
 0063                   .blkb 50
                        .area idata
 0063 54686520737472696E67207772697474  .byte 'T,'h,'e,32,'s,'t,'r,'i,'n,'g,32,'w,'r,'i,'t,'t
 0073 656E20746F2074686520415432344330  .byte 'e,'n,32,'t,'o,32,'t,'h,'e,32,'A,'T,50,52,'C,48
 0083 312069733A2022474F4F445F45585022  .byte 49,32,'i,'s,58,32,34,'G,'O,'O,'D,95,'E,'X,'P,34
 0093 0A00              .byte 10,0
                        .area data(ram, con, rel)
 0095                   .dbfile D:\desk_station\LM041L\AVR_licheng\USART_24C01_ok\source\main.c
 0095           L66:
 0095                   .blkb 33
                        .area idata
 0095 75706461746520746865207063662064  .byte 'u,'p,'d,'a,'t,'e,32,'t,'h,'e,32,'p,'c,'f,32,'d
 00A5 6174615F746F206E6F772074696D650A  .byte 'a,'t,'a,95,'t,'o,32,'n,'o,'w,32,'t,'i,'m,'e,10
 00B5 00                .byte 0
                        .area data(ram, con, rel)
 00B6                   .dbfile D:\desk_station\LM041L\AVR_licheng\USART_24C01_ok\source\main.c
 00B6           L65:
 00B6                   .blkb 28
                        .area idata
 00B6 7265616420746865207063665F696E69  .byte 'r,'e,'a,'d,32,'t,'h,'e,32,'p,'c,'f,95,'i,'n,'i
 00C6 745F646174615F656E640A00  .byte 't,95,'d,'a,'t,'a,95,'e,'n,'d,10,0
                        .area data(ram, con, rel)
 00D2                   .dbfile D:\desk_station\LM041L\AVR_licheng\USART_24C01_ok\source\main.c
 00D2           L64:
 00D2                   .blkb 24
                        .area idata
 00D2 7265616420746865207063665F696E69  .byte 'r,'e,'a,'d,32,'t,'h,'e,32,'p,'c,'f,95,'i,'n,'i
 00E2 745F646174610A00  .byte 't,95,'d,'a,'t,'a,10,0
                        .area data(ram, con, rel)
 00EA                   .dbfile D:\desk_station\LM041L\AVR_licheng\USART_24C01_ok\source\main.c
 00EA           L48:
 00EA                   .blkb 15
                        .area idata
 00EA 42555A5A5F4B45595F746573740A00    .byte 'B,'U,'Z,'Z,95,'K,'E,'Y,95,'t,'e,'s,'t,10,0
                        .area data(ram, con, rel)
 00F9                   .dbfile D:\desk_station\LM041L\AVR_licheng\USART_24C01_ok\source\main.c
 00F9           L39:
 00F9                   .blkb 12
                        .area idata
 00F9 0A534547375F746573740A00  .byte 10,'S,'E,'G,55,95,'t,'e,'s,'t,10,0
                        .area data(ram, con, rel)
 0105                   .dbfile D:\desk_station\LM041L\AVR_licheng\USART_24C01_ok\source\main.c
 0105           L38:
 0105                   .blkb 9
                        .area idata
 0105 445331384232300A00        .byte 'D,'S,49,56,'B,50,48,10,0
                        .area data(ram, con, rel)
 010E                   .dbfile D:\desk_station\LM041L\AVR_licheng\USART_24C01_ok\source\main.c
 010E           L33:
 010E                   .blkb 10
                        .area idata
 010E 6C65645F746573740A00      .byte 'l,'e,'d,95,'t,'e,'s,'t,10,0
                        .area data(ram, con, rel)
 0118                   .dbfile D:\desk_station\LM041L\AVR_licheng\USART_24C01_ok\source\main.c
 0118           L32:
 0118                   .blkb 2
                        .area idata
 0118 0000              .byte 0,0
                        .area data(ram, con, rel)
 011A                   .dbfile D:\desk_station\LM041L\AVR_licheng\USART_24C01_ok\source\main.c
 011A           L31:
 011A                   .blkb 14
                        .area idata
 011A 7777772E61767276692E636F6D00      .byte 'w,'w,'w,46,'a,'v,'r,'v,'i,46,'c,'o,'m,0
                        .area data(ram, con, rel)
 0128                   .dbfile D:\desk_station\LM041L\AVR_licheng\USART_24C01_ok\source\main.c
 0128           ; }
 0128           ; 
